<?xml version="1.0" encoding="UTF-8"?>
<testsuite name="andres.decathlon.test.ScoreCalculatorTest" tests="1" skipped="0" failures="0" errors="0" timestamp="2017-12-30T12:39:11" hostname="Andres-Johans-MacBook-Pro.local" time="0.001">
  <properties/>
  <testcase name="testCalculator" classname="andres.decathlon.test.ScoreCalculatorTest" time="0.001"/>
  <system-out><![CDATA[]]></system-out>
  <system-err><![CDATA[]]></system-err>
</testsuite>
